<?xml version="1.0" encoding="UTF-8"?>
<!-- Generated by org.testng.reporters.JUnitReportReporter -->
<testsuite hostname="VinScorpion" failures="0" tests="1" name="guru99.Controllers.MainController" time="22.750" errors="0" timestamp="20 Jun 2018 03:30:20 GMT" skipped="0">
  <testcase classname="guru99.Controllers.MainController" name="AddNewCustomer" time="22.750"/>
</testsuite> <!-- guru99.Controllers.MainController -->
