<?xml version="1.0" encoding="UTF-8"?>
<!-- Generated by org.testng.reporters.JUnitReportReporter -->
<testsuite skipped="0" hostname="MA10LP516486" name="guru99.Controllers.MainController" tests="2" failures="0" timestamp="13 Mar 2018 23:13:45 GMT" time="21.346" errors="0">
  <testcase name="AddNewCustomer" time="21.334" classname="guru99.Controllers.MainController"/>
  <testcase name="Login" time="0.012" classname="guru99.Controllers.MainController"/>
</testsuite> <!-- guru99.Controllers.MainController -->
