<?xml version="1.0" encoding="UTF-8"?>
<!-- Generated by org.testng.reporters.JUnitReportReporter -->
<testsuite hostname="VinScorpion" failures="0" tests="1" name="guru99.Controllers.MainController" time="127.206" errors="0" timestamp="26 Jun 2018 19:11:34 GMT" skipped="0">
  <testcase classname="guru99.Controllers.MainController" name="FundTransfer" time="127.206"/>
</testsuite> <!-- guru99.Controllers.MainController -->
