<?xml version="1.0" encoding="UTF-8"?>
<!-- Generated by org.testng.reporters.JUnitReportReporter -->
<testsuite hostname="VinScorpion" failures="0" tests="3" name="guru99.Controllers.MainController" time="23.334" errors="0" timestamp="12 Jul 2018 12:54:17 GMT" skipped="0">
  <testcase classname="guru99.Controllers.MainController" name="Login" time="16.639"/>
  <testcase classname="guru99.Controllers.MainController" name="MiniStatement" time="2.893"/>
  <testcase classname="guru99.Controllers.MainController" name="MiniStatement" time="3.802"/>
</testsuite> <!-- guru99.Controllers.MainController -->
