<?xml version="1.0" encoding="UTF-8"?>
<!-- Generated by org.testng.reporters.JUnitReportReporter -->
<testsuite skipped="0" hostname="MA10LP516486" name="reference.MouseHover" tests="1" failures="0" timestamp="08 Mar 2018 15:46:16 GMT" time="3.675" errors="0">
  <testcase name="mouseHover" time="3.675" classname="reference.MouseHover"/>
</testsuite> <!-- reference.MouseHover -->
