<?xml version="1.0" encoding="UTF-8"?>
<!-- Generated by org.testng.reporters.JUnitReportReporter -->
<testsuite skipped="0" hostname="MA10LP516486" name="guru99.Controllers.MainController" tests="2" failures="0" timestamp="12 Mar 2018 17:20:13 GMT" time="17.981" errors="0">
  <testcase name="AddNewCustomer" time="17.977" classname="guru99.Controllers.MainController"/>
  <testcase name="Login" time="0.004" classname="guru99.Controllers.MainController"/>
</testsuite> <!-- guru99.Controllers.MainController -->
