<?xml version="1.0" encoding="UTF-8"?>
<!-- Generated by org.testng.reporters.JUnitReportReporter -->
<testsuite skipped="0" hostname="MA10LP516486" name="reference.ContextDoubleClick" tests="1" failures="0" timestamp="08 Mar 2018 17:22:54 GMT" time="0.713" errors="0">
  <testcase name="contextClick" time="0.713" classname="reference.ContextDoubleClick"/>
</testsuite> <!-- reference.ContextDoubleClick -->
