<?xml version="1.0" encoding="UTF-8"?>
<!-- Generated by org.testng.reporters.JUnitReportReporter -->
<testsuite skipped="0" hostname="MA10LP516486" name="guru99.Controllers.MainController" tests="1" failures="0" timestamp="16 Mar 2018 22:18:55 GMT" time="2.420" errors="0">
  <testcase name="DeleteAccount" time="2.420" classname="guru99.Controllers.MainController"/>
</testsuite> <!-- guru99.Controllers.MainController -->
