<?xml version="1.0" encoding="UTF-8"?>
<!-- Generated by org.testng.reporters.JUnitReportReporter -->
<testsuite skipped="0" hostname="MA10LP516486" name="reference.AlertHandling" tests="1" failures="0" timestamp="11 Mar 2018 16:15:06 GMT" time="0.680" errors="0">
  <testcase name="alertHandling" time="0.680" classname="reference.AlertHandling"/>
</testsuite> <!-- reference.AlertHandling -->
