<?xml version="1.0" encoding="UTF-8"?>
<!-- Generated by org.testng.reporters.JUnitReportReporter -->
<testsuite skipped="0" hostname="MA10LP516486" name="reference.ContextClick" tests="1" failures="0" timestamp="08 Mar 2018 17:10:41 GMT" time="0.504" errors="0">
  <testcase name="contextClick" time="0.504" classname="reference.ContextClick"/>
</testsuite> <!-- reference.ContextClick -->
