<?xml version="1.0" encoding="UTF-8"?>
<!-- Generated by org.testng.reporters.JUnitReportReporter -->
<testsuite skipped="0" hostname="MA10LP516486" name="reference.SampleRobot" tests="1" failures="0" timestamp="08 Mar 2018 22:04:25 GMT" time="2.611" errors="0">
  <testcase name="sampleRobot" time="2.611" classname="reference.SampleRobot"/>
</testsuite> <!-- reference.SampleRobot -->
