<?xml version="1.0" encoding="UTF-8"?>
<!-- Generated by org.testng.reporters.JUnitReportReporter -->
<testsuite skipped="0" hostname="MA10LP516486" name="guru99.Controllers.MainController" tests="2" failures="0" timestamp="30 Mar 2018 02:36:26 GMT" time="45.343" errors="0">
  <testcase name="deposit" time="43.788" classname="guru99.Controllers.MainController"/>
  <testcase name="Logout" time="1.555" classname="guru99.Controllers.MainController"/>
</testsuite> <!-- guru99.Controllers.MainController -->
