<?xml version="1.0" encoding="UTF-8"?>
<!-- Generated by org.testng.reporters.JUnitReportReporter -->
<testsuite hostname="VinScorpion" failures="0" tests="2" name="guru99.Controllers.MainController" time="157.448" errors="0" timestamp="20 Jun 2018 22:42:48 GMT" skipped="0">
  <testcase classname="guru99.Controllers.MainController" name="AddNewAccount" time="78.191"/>
  <testcase classname="guru99.Controllers.MainController" name="EditAccount" time="79.257"/>
</testsuite> <!-- guru99.Controllers.MainController -->
