<?xml version="1.0" encoding="UTF-8"?>
<!-- Generated by org.testng.reporters.JUnitReportReporter -->
<testsuite hostname="VinScorpion" failures="0" tests="1" name="reference.TestNG" time="0.010" errors="0" timestamp="12 Jun 2018 15:22:21 GMT" skipped="0">
  <testcase classname="reference.TestNG" name="checkBox" time="0.010"/>
</testsuite> <!-- reference.TestNG -->
