<?xml version="1.0" encoding="UTF-8"?>
<!-- Generated by org.testng.reporters.JUnitReportReporter -->
<testsuite hostname="VinScorpion" failures="0" tests="3" name="guru99.Controllers.MainController" time="135.458" errors="0" timestamp="22 Jun 2018 02:25:13 GMT" skipped="0">
  <testcase classname="guru99.Controllers.MainController" name="AddNewAccount" time="56.795"/>
  <testcase classname="guru99.Controllers.MainController" name="EditAccount" time="42.959"/>
  <testcase classname="guru99.Controllers.MainController" name="BalanceEnquiry" time="35.704"/>
</testsuite> <!-- guru99.Controllers.MainController -->
