<?xml version="1.0" encoding="UTF-8"?>
<!-- Generated by org.testng.reporters.JUnitReportReporter -->
<testsuite hostname="VinScorpion" failures="0" tests="1" name="guru99.Controllers.MainController" time="39.125" errors="0" timestamp="24 Jun 2018 02:09:08 GMT" skipped="0">
  <testcase classname="guru99.Controllers.MainController" name="Withdrawal" time="39.125"/>
</testsuite> <!-- guru99.Controllers.MainController -->
