<?xml version="1.0" encoding="UTF-8"?>
<!-- Generated by org.testng.reporters.JUnitReportReporter -->
<testsuite hostname="VinScorpion" failures="0" tests="3" name="reference.Dropdown" time="1.097" errors="0" timestamp="11 Jul 2018 16:47:06 GMT" skipped="0">
  <testcase classname="reference.Dropdown" name="dropdown1" time="0.224"/>
  <testcase classname="reference.Dropdown" name="dropdown1" time="0.125"/>
  <testcase classname="reference.Dropdown" name="dropdown2" time="0.748"/>
</testsuite> <!-- reference.Dropdown -->
