<?xml version="1.0" encoding="UTF-8"?>
<!-- Generated by org.testng.reporters.JUnitReportReporter -->
<testsuite skipped="0" hostname="MA10LP516486" name="reference.FileUploadSimple" tests="1" failures="0" timestamp="08 Mar 2018 21:47:11 GMT" time="0.449" errors="0">
  <testcase name="fileupload" time="0.449" classname="reference.FileUploadSimple"/>
</testsuite> <!-- reference.FileUploadSimple -->
