<?xml version="1.0" encoding="UTF-8"?>
<!-- Generated by org.testng.reporters.JUnitReportReporter -->
<testsuite skipped="0" hostname="MA10LP516486" name="guru99.Controllers.MainController" tests="2" failures="0" timestamp="15 Mar 2018 02:43:24 GMT" time="66.996" errors="0">
  <testcase name="AddNewCustomer" time="61.525" classname="guru99.Controllers.MainController"/>
  <testcase name="DeleteCustomer" time="5.471" classname="guru99.Controllers.MainController"/>
</testsuite> <!-- guru99.Controllers.MainController -->
