<?xml version="1.0" encoding="UTF-8"?>
<!-- Generated by org.testng.reporters.JUnitReportReporter -->
<testsuite hostname="VinScorpion" failures="0" tests="2" name="reference.Dropdown" time="0.679" errors="0" timestamp="18 Jun 2018 21:01:12 GMT" skipped="0">
  <testcase classname="reference.Dropdown" name="dropdown1" time="0.205"/>
  <testcase classname="reference.Dropdown" name="dropdown2" time="0.474"/>
</testsuite> <!-- reference.Dropdown -->
