<?xml version="1.0" encoding="UTF-8"?>
<!-- Generated by org.testng.reporters.JUnitReportReporter -->
<testsuite skipped="0" hostname="MA10LP516486" name="reference.WgetDownload" tests="1" failures="0" timestamp="10 Mar 2018 03:19:37 GMT" time="0.170" errors="0">
  <testcase name="wgetDownload" time="0.170" classname="reference.WgetDownload"/>
</testsuite> <!-- reference.WgetDownload -->
