<?xml version="1.0" encoding="UTF-8"?>
<!-- Generated by org.testng.reporters.JUnitReportReporter -->
<testsuite skipped="0" hostname="MA10LP516486" name="reference.DragNDrop" tests="1" failures="0" timestamp="07 Mar 2018 23:46:35 GMT" time="1.203" errors="0">
  <testcase name="dragNdrop" time="1.203" classname="reference.DragNDrop"/>
</testsuite> <!-- reference.DragNDrop -->
