<?xml version="1.0" encoding="UTF-8"?>
<!-- Generated by org.testng.reporters.JUnitReportReporter -->
<testsuite hostname="VinScorpion" failures="0" tests="1" name="guru99.Controllers.MainController" time="15.663" errors="0" timestamp="13 Jun 2018 12:24:43 GMT" skipped="0">
  <testcase classname="guru99.Controllers.MainController" name="DeleteCustomer" time="15.663"/>
</testsuite> <!-- guru99.Controllers.MainController -->
